d:\1stdemo\1stdemo\x64\debug\vc142.pdb
d:\1stdemo\1stdemo\x64\debug\vc142.idb
d:\1stdemo\1stdemo\x64\debug\main.obj
d:\1stdemo\x64\debug\1stdemo.exe
d:\1stdemo\x64\debug\1stdemo.ilk
d:\1stdemo\x64\debug\1stdemo.pdb
d:\1stdemo\1stdemo\x64\debug\1stdemo.res
d:\1stdemo\1stdemo\x64\debug\game.res
d:\sfml-hubris-intro\1stdemo\x64\debug\main.obj
d:\sfml-hubris-intro\1stdemo\x64\debug\1stdemo.res
d:\sfml-hubris-intro\1stdemo\x64\debug\game.res
d:\sfml-hubris-intro\1stdemo\x64\debug\vc142.idb
d:\sfml-hubris-intro\1stdemo\x64\debug\vc142.pdb
d:\sfml-hubris-intro\x64\debug\1stdemo.pdb
d:\sfml-hubris-intro\x64\debug\1stdemo.exe
d:\sfml-hubris-intro\x64\debug\1stdemo.ilk
d:\sfml-hubris-intro\1stdemo\x64\debug\1stdemo.tlog\cl.command.1.tlog
d:\sfml-hubris-intro\1stdemo\x64\debug\1stdemo.tlog\cl.read.1.tlog
d:\sfml-hubris-intro\1stdemo\x64\debug\1stdemo.tlog\cl.write.1.tlog
d:\sfml-hubris-intro\1stdemo\x64\debug\1stdemo.tlog\link.command.1.tlog
d:\sfml-hubris-intro\1stdemo\x64\debug\1stdemo.tlog\link.read.1.tlog
d:\sfml-hubris-intro\1stdemo\x64\debug\1stdemo.tlog\link.write.1.tlog
d:\sfml-hubris-intro\1stdemo\x64\debug\1stdemo.tlog\rc.command.1.tlog
d:\sfml-hubris-intro\1stdemo\x64\debug\1stdemo.tlog\rc.read.1.tlog
d:\sfml-hubris-intro\1stdemo\x64\debug\1stdemo.tlog\rc.write.1.tlog
